scaleFactor=1
processing: q11
start time: 1602784418
+----------------+-------------------+------------------+----------------------------+
|     customer_id|customer_first_name|customer_last_name|customer_preferred_cust_flag|
+----------------+-------------------+------------------+----------------------------+
|AAAAAAAAAAECBAAA|              Frank|            Wenzel|                           Y|
+----------------+-------------------+------------------+----------------------------+
only showing top 1 row

end time: 1602784449
q11 time: 30.745237509

processing: q16
start time: 1602784449
+-----------+-------------------+----------------+
|order count|total shipping cost|total net profit|
+-----------+-------------------+----------------+
|        280|         1300478.25|      -285761.26|
+-----------+-------------------+----------------+

end time: 1602784468
q16 time: 18.986485043

processing: q93
start time: 1602784468
+--------------+--------+
|ss_customer_sk|sumsales|
+--------------+--------+
|           108|    null|
+--------------+--------+
only showing top 1 row

end time: 1602784476
q93 time: 7.909636333

