scaleFactor=1
processing: q11
start time: 1602784632
+----------------+-------------------+------------------+----------------------------+
|     customer_id|customer_first_name|customer_last_name|customer_preferred_cust_flag|
+----------------+-------------------+------------------+----------------------------+
|AAAAAAAAAAECBAAA|              Frank|            Wenzel|                           Y|
+----------------+-------------------+------------------+----------------------------+
only showing top 1 row

end time: 1602784663
q11 time: 30.951741076

processing: q16
start time: 1602784663
+-----------+-------------------+----------------+
|order count|total shipping cost|total net profit|
+-----------+-------------------+----------------+
|        280|         1300478.25|      -285761.26|
+-----------+-------------------+----------------+

end time: 1602784682
q16 time: 19.102358075

processing: q93
start time: 1602784682
+--------------+--------+
|ss_customer_sk|sumsales|
+--------------+--------+
|           108|    null|
+--------------+--------+
only showing top 1 row

end time: 1602784690
q93 time: 7.672404906

